Error: Failed query: insert into "toolkit_community_responses" ("id", "post_id", "user_id", "selected_option_index", "text_response", "attachment_url", "attachment_name", "attachment_type", "created_at") values (default, $1, $2, $3, $4, $5, $6, $7, default)
params: e362de71-1c00-4c59-9b6b-6b1f7becebcb,gUZ8z7MxhPwXkA8lGQJoOkVRk340Wzt7,,hi,https://pub-a2d956f6fdd5468b8e57c6aa4b76ec9f.r2.dev/gUZ8z7MxhPwXkA8lGQJoOkVRk340Wzt7/1779923330001-14acdf6b-dsc06517.jpg,DSC06517.JPG,image\nError: Failed query: insert into "toolkit_community_responses" ("id", "post_id", "user_id", "selected_option_index", "text_response", "attachment_url", "attachment_name", "attachment_type", "created_at") values (default, $1, $2, $3, $4, $5, $6, $7, default)
params: e362de71-1c00-4c59-9b6b-6b1f7becebcb,gUZ8z7MxhPwXkA8lGQJoOkVRk340Wzt7,,hi,https://pub-a2d956f6fdd5468b8e57c6aa4b76ec9f.r2.dev/gUZ8z7MxhPwXkA8lGQJoOkVRk340Wzt7/1779923330001-14acdf6b-dsc06517.jpg,DSC06517.JPG,image
    at NeonHttpPreparedQuery.queryWithCache (E:\FTBH\ftb-web\.next\dev\server\chunks\node_modules_drizzle-orm_01pqe8c._.js:8665:23)
    at process.processTicksAndRejections (node:internal/process/task_queues:103:5)
    at async POST (E:\FTBH\ftb-web\.next\dev\server\chunks\[root-of-the-server]__11mvdlc._.js:1661:9)
    at async AppRouteRouteModule.do (E:\FTBH\ftb-web\node_modules\next\dist\compiled\next-server\app-route-turbo.runtime.dev.js:5:40732)
    at async AppRouteRouteModule.handle (E:\FTBH\ftb-web\node_modules\next\dist\compiled\next-server\app-route-turbo.runtime.dev.js:5:47861)
    at async responseGenerator (E:\FTBH\ftb-web\.next\dev\server\chunks\node_modules_next_0pkn7bb._.js:17687:38)
    at async AppRouteRouteModule.handleResponse (E:\FTBH\ftb-web\node_modules\next\dist\compiled\next-server\app-route-turbo.runtime.dev.js:1:227216)
    at async handleResponse (E:\FTBH\ftb-web\.next\dev\server\chunks\node_modules_next_0pkn7bb._.js:17750:32)
    at async Module.handler (E:\FTBH\ftb-web\.next\dev\server\chunks\node_modules_next_0pkn7bb._.js:17801:13)
    at async DevServer.renderToResponseWithComponentsImpl (E:\FTBH\ftb-web\node_modules\next\dist\server\base-server.js:1454:9)
    at async DevServer.renderPageComponent (E:\FTBH\ftb-web\node_modules\next\dist\server\base-server.js:1506:24)
    at async DevServer.renderToResponseImpl (E:\FTBH\ftb-web\node_modules\next\dist\server\base-server.js:1556:32)
    at async DevServer.pipeImpl (E:\FTBH\ftb-web\node_modules\next\dist\server\base-server.js:1043:25)
    at async NextNodeServer.handleCatchallRenderRequest (E:\FTBH\ftb-web\node_modules\next\dist\server\next-server.js:338:17)
    at async DevServer.handleRequestImpl (E:\FTBH\ftb-web\node_modules\next\dist\server\base-server.js:934:17)
    at async E:\FTBH\ftb-web\node_modules\next\dist\server\dev\next-dev-server.js:394:20
    at async Span.traceAsyncFn (E:\FTBH\ftb-web\node_modules\next\dist\trace\trace.js:164:20)
    at async DevServer.handleRequest (E:\FTBH\ftb-web\node_modules\next\dist\server\dev\next-dev-server.js:390:24)
    at async invokeRender (E:\FTBH\ftb-web\node_modules\next\dist\server\lib\router-server.js:253:21)
    at async handleRequest (E:\FTBH\ftb-web\node_modules\next\dist\server\lib\router-server.js:452:24)
    at async requestHandlerImpl (E:\FTBH\ftb-web\node_modules\next\dist\server\lib\router-server.js:501:13)
    at async Server.requestListener (E:\FTBH\ftb-web\node_modules\next\dist\server\lib\start-server.js:225:13)\n{
  "stack": "Error: Failed query: insert into \"toolkit_community_responses\" (\"id\", \"post_id\", \"user_id\", \"selected_option_index\", \"text_response\", \"attachment_url\", \"attachment_name\", \"attachment_type\", \"created_at\") values (default, $1, $2, $3, $4, $5, $6, $7, default)\nparams: e362de71-1c00-4c59-9b6b-6b1f7becebcb,gUZ8z7MxhPwXkA8lGQJoOkVRk340Wzt7,,hi,https://pub-a2d956f6fdd5468b8e57c6aa4b76ec9f.r2.dev/gUZ8z7MxhPwXkA8lGQJoOkVRk340Wzt7/1779923473064-31c6ee00-dsc06517.jpg,DSC06517.JPG,image\n    at NeonHttpPreparedQuery.queryWithCache (E:\\FTBH\\ftb-web\\.next\\dev\\server\\chunks\\node_modules_drizzle-orm_01pqe8c._.js:8665:23)\n    at process.processTicksAndRejections (node:internal/process/task_queues:103:5)\n    at async POST (E:\\FTBH\\ftb-web\\.next\\dev\\server\\chunks\\[root-of-the-server]__11mvdlc._.js:1661:9)\n    at async AppRouteRouteModule.do (E:\\FTBH\\ftb-web\\node_modules\\next\\dist\\compiled\\next-server\\app-route-turbo.runtime.dev.js:5:40732)\n    at async AppRouteRouteModule.handle (E:\\FTBH\\ftb-web\\node_modules\\next\\dist\\compiled\\next-server\\app-route-turbo.runtime.dev.js:5:47861)\n    at async responseGenerator (E:\\FTBH\\ftb-web\\.next\\dev\\server\\chunks\\node_modules_next_0pkn7bb._.js:17687:38)\n    at async AppRouteRouteModule.handleResponse (E:\\FTBH\\ftb-web\\node_modules\\next\\dist\\compiled\\next-server\\app-route-turbo.runtime.dev.js:1:227216)\n    at async handleResponse (E:\\FTBH\\ftb-web\\.next\\dev\\server\\chunks\\node_modules_next_0pkn7bb._.js:17750:32)\n    at async Module.handler (E:\\FTBH\\ftb-web\\.next\\dev\\server\\chunks\\node_modules_next_0pkn7bb._.js:17801:13)\n    at async DevServer.renderToResponseWithComponentsImpl (E:\\FTBH\\ftb-web\\node_modules\\next\\dist\\server\\base-server.js:1454:9)\n    at async DevServer.renderPageComponent (E:\\FTBH\\ftb-web\\node_modules\\next\\dist\\server\\base-server.js:1506:24)\n    at async DevServer.renderToResponseImpl (E:\\FTBH\\ftb-web\\node_modules\\next\\dist\\server\\base-server.js:1556:32)\n    at async DevServer.pipeImpl (E:\\FTBH\\ftb-web\\node_modules\\next\\dist\\server\\base-server.js:1043:25)\n    at async NextNodeServer.handleCatchallRenderRequest (E:\\FTBH\\ftb-web\\node_modules\\next\\dist\\server\\next-server.js:338:17)\n    at async DevServer.handleRequestImpl (E:\\FTBH\\ftb-web\\node_modules\\next\\dist\\server\\base-server.js:934:17)\n    at async E:\\FTBH\\ftb-web\\node_modules\\next\\dist\\server\\dev\\next-dev-server.js:394:20\n    at async Span.traceAsyncFn (E:\\FTBH\\ftb-web\\node_modules\\next\\dist\\trace\\trace.js:164:20)\n    at async DevServer.handleRequest (E:\\FTBH\\ftb-web\\node_modules\\next\\dist\\server\\dev\\next-dev-server.js:390:24)\n    at async invokeRender (E:\\FTBH\\ftb-web\\node_modules\\next\\dist\\server\\lib\\router-server.js:253:21)\n    at async handleRequest (E:\\FTBH\\ftb-web\\node_modules\\next\\dist\\server\\lib\\router-server.js:452:24)\n    at async requestHandlerImpl (E:\\FTBH\\ftb-web\\node_modules\\next\\dist\\server\\lib\\router-server.js:501:13)\n    at async Server.requestListener (E:\\FTBH\\ftb-web\\node_modules\\next\\dist\\server\\lib\\start-server.js:225:13)",
  "message": "Failed query: insert into \"toolkit_community_responses\" (\"id\", \"post_id\", \"user_id\", \"selected_option_index\", \"text_response\", \"attachment_url\", \"attachment_name\", \"attachment_type\", \"created_at\") values (default, $1, $2, $3, $4, $5, $6, $7, default)\nparams: e362de71-1c00-4c59-9b6b-6b1f7becebcb,gUZ8z7MxhPwXkA8lGQJoOkVRk340Wzt7,,hi,https://pub-a2d956f6fdd5468b8e57c6aa4b76ec9f.r2.dev/gUZ8z7MxhPwXkA8lGQJoOkVRk340Wzt7/1779923473064-31c6ee00-dsc06517.jpg,DSC06517.JPG,image",
  "query": "insert into \"toolkit_community_responses\" (\"id\", \"post_id\", \"user_id\", \"selected_option_index\", \"text_response\", \"attachment_url\", \"attachment_name\", \"attachment_type\", \"created_at\") values (default, $1, $2, $3, $4, $5, $6, $7, default)",
  "params": [
    "e362de71-1c00-4c59-9b6b-6b1f7becebcb",
    "gUZ8z7MxhPwXkA8lGQJoOkVRk340Wzt7",
    null,
    "hi",
    "https://pub-a2d956f6fdd5468b8e57c6aa4b76ec9f.r2.dev/gUZ8z7MxhPwXkA8lGQJoOkVRk340Wzt7/1779923473064-31c6ee00-dsc06517.jpg",
    "DSC06517.JPG",
    "image"
  ],
  "cause": {
    "stack": "NeonDbError: null value in column \"selected_option_index\" of relation \"toolkit_community_responses\" violates not-null constraint\n    at dr.execute (E:\\FTBH\\ftb-web\\.next\\dev\\server\\chunks\\node_modules_@neondatabase_serverless_index_mjs_07pist1._.js:5072:46)\n    at process.processTicksAndRejections (node:internal/process/task_queues:103:5)\n    at async NeonHttpPreparedQuery.queryWithCache (E:\\FTBH\\ftb-web\\.next\\dev\\server\\chunks\\node_modules_drizzle-orm_01pqe8c._.js:8663:24)\n    at async POST (E:\\FTBH\\ftb-web\\.next\\dev\\server\\chunks\\[root-of-the-server]__11mvdlc._.js:1661:9)\n    at async AppRouteRouteModule.do (E:\\FTBH\\ftb-web\\node_modules\\next\\dist\\compiled\\next-server\\app-route-turbo.runtime.dev.js:5:40732)\n    at async AppRouteRouteModule.handle (E:\\FTBH\\ftb-web\\node_modules\\next\\dist\\compiled\\next-server\\app-route-turbo.runtime.dev.js:5:47861)\n    at async responseGenerator (E:\\FTBH\\ftb-web\\.next\\dev\\server\\chunks\\node_modules_next_0pkn7bb._.js:17687:38)\n    at async AppRouteRouteModule.handleResponse (E:\\FTBH\\ftb-web\\node_modules\\next\\dist\\compiled\\next-server\\app-route-turbo.runtime.dev.js:1:227216)\n    at async handleResponse (E:\\FTBH\\ftb-web\\.next\\dev\\server\\chunks\\node_modules_next_0pkn7bb._.js:17750:32)\n    at async Module.handler (E:\\FTBH\\ftb-web\\.next\\dev\\server\\chunks\\node_modules_next_0pkn7bb._.js:17801:13)\n    at async DevServer.renderToResponseWithComponentsImpl (E:\\FTBH\\ftb-web\\node_modules\\next\\dist\\server\\base-server.js:1454:9)\n    at async DevServer.renderPageComponent (E:\\FTBH\\ftb-web\\node_modules\\next\\dist\\server\\base-server.js:1506:24)\n    at async DevServer.renderToResponseImpl (E:\\FTBH\\ftb-web\\node_modules\\next\\dist\\server\\base-server.js:1556:32)\n    at async DevServer.pipeImpl (E:\\FTBH\\ftb-web\\node_modules\\next\\dist\\server\\base-server.js:1043:25)\n    at async NextNodeServer.handleCatchallRenderRequest (E:\\FTBH\\ftb-web\\node_modules\\next\\dist\\server\\next-server.js:338:17)\n    at async DevServer.handleRequestImpl (E:\\FTBH\\ftb-web\\node_modules\\next\\dist\\server\\base-server.js:934:17)\n    at async E:\\FTBH\\ftb-web\\node_modules\\next\\dist\\server\\dev\\next-dev-server.js:394:20\n    at async Span.traceAsyncFn (E:\\FTBH\\ftb-web\\node_modules\\next\\dist\\trace\\trace.js:164:20)\n    at async DevServer.handleRequest (E:\\FTBH\\ftb-web\\node_modules\\next\\dist\\server\\dev\\next-dev-server.js:390:24)\n    at async invokeRender (E:\\FTBH\\ftb-web\\node_modules\\next\\dist\\server\\lib\\router-server.js:253:21)\n    at async handleRequest (E:\\FTBH\\ftb-web\\node_modules\\next\\dist\\server\\lib\\router-server.js:452:24)\n    at async requestHandlerImpl (E:\\FTBH\\ftb-web\\node_modules\\next\\dist\\server\\lib\\router-server.js:501:13)\n    at async Server.requestListener (E:\\FTBH\\ftb-web\\node_modules\\next\\dist\\server\\lib\\start-server.js:225:13)",
    "message": "null value in column \"selected_option_index\" of relation \"toolkit_community_responses\" violates not-null constraint"
  }
}\n